2023-02-15 09:16:44,728:INFO: device: cuda
2023-02-15 09:16:44,728:INFO: Loading the datasets...
2023-02-15 09:18:28,055:INFO: device: cuda
2023-02-15 09:18:28,056:INFO: Loading the datasets...
2023-02-15 09:18:30,372:INFO: Loading BERT model...
2023-02-15 09:19:01,841:INFO: device: cuda
2023-02-15 09:19:01,842:INFO: Loading the datasets...
2023-02-15 09:19:05,397:INFO: Loading BERT model...
2023-02-15 09:19:49,020:INFO: device: cuda
2023-02-15 09:19:49,021:INFO: Loading the datasets...
2023-02-15 09:19:52,394:INFO: Loading BERT model...
2023-02-15 09:19:55,191:INFO: Starting training for 100 epoch(s)
2023-02-15 09:20:06,680:INFO: Epoch 1/100
2023-02-15 09:23:30,237:INFO: device: cuda
2023-02-15 09:23:30,238:INFO: Loading the datasets...
2023-02-15 09:23:32,431:INFO: Loading BERT model...
2023-02-15 09:23:36,752:INFO: Starting training for 100 epoch(s)
2023-02-15 09:23:41,305:INFO: Epoch 1/100
2023-02-15 09:25:30,322:INFO: device: cuda
2023-02-15 09:25:30,323:INFO: Loading the datasets...
2023-02-15 09:25:32,624:INFO: Loading BERT model...
2023-02-15 09:25:35,944:INFO: Starting training for 100 epoch(s)
2023-02-15 09:25:37,618:INFO: Epoch 1/100
2023-02-15 09:30:56,618:INFO: device: cuda
2023-02-15 09:30:56,619:INFO: Loading the datasets...
2023-02-15 09:30:58,852:INFO: Loading BERT model...
2023-02-15 09:31:01,623:INFO: Starting training for 100 epoch(s)
2023-02-15 09:31:01,623:INFO: Epoch 1/100
2023-02-15 09:31:33,150:INFO: device: cuda
2023-02-15 09:31:33,152:INFO: Loading the datasets...
2023-02-15 09:31:35,404:INFO: Loading BERT model...
2023-02-15 09:31:38,200:INFO: Starting training for 100 epoch(s)
2023-02-15 09:31:38,201:INFO: Epoch 1/100
2023-02-15 09:34:53,423:INFO: device: cuda
2023-02-15 09:34:53,424:INFO: Loading the datasets...
2023-02-15 09:34:56,218:INFO: Loading BERT model...
2023-02-15 09:34:59,418:INFO: Starting training for 100 epoch(s)
2023-02-15 09:34:59,418:INFO: Epoch 1/100
2023-02-15 09:36:07,556:INFO: device: cuda
2023-02-15 09:36:07,557:INFO: Loading the datasets...
2023-02-15 09:36:10,797:INFO: Loading BERT model...
2023-02-15 09:36:15,043:INFO: Starting training for 100 epoch(s)
2023-02-15 09:36:15,044:INFO: Epoch 1/100
2023-02-15 09:36:57,491:INFO: device: cuda
2023-02-15 09:36:57,492:INFO: Loading the datasets...
2023-02-15 09:36:59,643:INFO: Loading BERT model...
2023-02-15 09:37:05,281:INFO: Starting training for 100 epoch(s)
2023-02-15 09:37:05,282:INFO: Epoch 1/100
2023-02-15 09:38:33,068:INFO: device: cuda
2023-02-15 09:38:33,069:INFO: Loading the datasets...
2023-02-15 09:38:35,251:INFO: Loading BERT model...
2023-02-15 09:38:37,952:INFO: Starting training for 100 epoch(s)
2023-02-15 09:38:37,952:INFO: Epoch 1/100
2023-02-15 09:39:53,180:INFO: device: cuda
2023-02-15 09:39:53,181:INFO: Loading the datasets...
2023-02-15 09:39:58,242:INFO: Loading BERT model...
2023-02-15 09:40:01,393:INFO: Starting training for 100 epoch(s)
2023-02-15 09:40:01,393:INFO: Epoch 1/100
2023-02-15 09:40:44,321:INFO: device: cuda
2023-02-15 09:40:44,321:INFO: Loading the datasets...
2023-02-15 09:40:46,403:INFO: Loading BERT model...
2023-02-15 09:40:48,972:INFO: Starting training for 100 epoch(s)
2023-02-15 09:40:48,973:INFO: Epoch 1/100
2023-02-15 09:41:06,454:INFO: device: cuda
2023-02-15 09:41:06,454:INFO: Loading the datasets...
2023-02-15 09:41:08,646:INFO: Loading BERT model...
2023-02-15 09:41:11,374:INFO: Starting training for 100 epoch(s)
2023-02-15 09:41:11,375:INFO: Epoch 1/100
2023-02-15 09:42:04,462:INFO: device: cuda
2023-02-15 09:42:04,463:INFO: Loading the datasets...
2023-02-15 09:42:06,627:INFO: Loading BERT model...
2023-02-15 09:42:10,641:INFO: Starting training for 100 epoch(s)
2023-02-15 09:42:10,642:INFO: Epoch 1/100
2023-02-15 09:45:50,340:INFO: device: cuda
2023-02-15 09:45:50,341:INFO: Loading the datasets...
2023-02-15 09:45:52,852:INFO: Loading BERT model...
2023-02-15 09:45:56,031:INFO: Starting training for 100 epoch(s)
2023-02-15 09:45:56,032:INFO: Epoch 1/100
2023-02-15 10:01:10,686:INFO: device: cuda
2023-02-15 10:01:10,687:INFO: Loading the datasets...
2023-02-15 10:01:14,421:INFO: Loading BERT model...
2023-02-15 10:01:17,791:INFO: Starting training for 100 epoch(s)
2023-02-15 10:01:17,791:INFO: Epoch 1/100
2023-02-15 10:02:41,037:INFO: device: cuda
2023-02-15 10:02:41,038:INFO: Loading the datasets...
2023-02-15 10:02:43,038:INFO: Loading BERT model...
2023-02-15 10:02:45,889:INFO: Starting training for 100 epoch(s)
2023-02-15 10:02:45,890:INFO: Epoch 1/100
2023-02-15 10:06:04,343:INFO: device: cuda
2023-02-15 10:06:04,344:INFO: Loading the datasets...
2023-02-15 10:06:06,277:INFO: Loading BERT model...
2023-02-15 10:06:09,037:INFO: Starting training for 100 epoch(s)
2023-02-15 10:06:09,037:INFO: Epoch 1/100
2023-02-15 10:08:53,769:INFO: device: cuda
2023-02-15 10:08:53,770:INFO: Loading the datasets...
2023-02-15 10:08:56,563:INFO: Loading BERT model...
2023-02-15 10:08:59,855:INFO: Starting training for 100 epoch(s)
2023-02-15 10:08:59,856:INFO: Epoch 1/100
2023-02-15 10:10:35,791:INFO: - Found new best F1
2023-02-15 10:10:36,247:INFO: Epoch 2/100
2023-02-15 10:25:16,174:INFO: device: cuda
2023-02-15 10:25:16,175:INFO: Loading the datasets...
2023-02-15 10:25:18,066:INFO: Loading BERT model...
2023-02-15 10:25:20,868:INFO: Starting training for 100 epoch(s)
2023-02-15 10:25:20,868:INFO: Epoch 1/100
2023-02-15 10:25:46,469:INFO: device: cuda
2023-02-15 10:25:46,470:INFO: Loading the datasets...
2023-02-15 10:25:48,506:INFO: Loading BERT model...
2023-02-15 10:25:51,239:INFO: Starting training for 100 epoch(s)
2023-02-15 10:25:51,240:INFO: Epoch 1/100
2023-02-15 10:26:20,698:INFO: device: cuda
2023-02-15 10:26:20,699:INFO: Loading the datasets...
2023-02-15 10:26:22,743:INFO: Loading BERT model...
2023-02-15 10:26:25,473:INFO: Starting training for 100 epoch(s)
2023-02-15 10:26:25,474:INFO: Epoch 1/100
2023-02-15 10:29:00,741:INFO: device: cuda
2023-02-15 10:29:00,741:INFO: Loading the datasets...
2023-02-15 10:29:02,616:INFO: Loading BERT model...
2023-02-15 10:29:05,966:INFO: Starting training for 100 epoch(s)
2023-02-15 10:29:05,966:INFO: Epoch 1/100
2023-02-15 10:29:37,101:INFO: device: cuda
2023-02-15 10:29:37,102:INFO: Loading the datasets...
2023-02-15 10:29:39,627:INFO: Loading BERT model...
2023-02-15 10:29:42,611:INFO: Starting training for 100 epoch(s)
2023-02-15 10:29:42,611:INFO: Epoch 1/100
2023-02-15 10:30:07,724:INFO: device: cuda
2023-02-15 10:30:07,724:INFO: Loading the datasets...
2023-02-15 10:30:09,616:INFO: Loading BERT model...
2023-02-15 10:30:12,970:INFO: Starting training for 100 epoch(s)
2023-02-15 10:30:12,970:INFO: Epoch 1/100
2023-02-15 10:30:26,689:INFO: device: cuda
2023-02-15 10:30:26,689:INFO: Loading the datasets...
2023-02-15 10:30:28,715:INFO: Loading BERT model...
2023-02-15 10:30:31,913:INFO: Starting training for 100 epoch(s)
2023-02-15 10:30:31,914:INFO: Epoch 1/100
2023-02-15 10:33:17,933:INFO: device: cuda
2023-02-15 10:33:17,933:INFO: Loading the datasets...
2023-02-15 10:33:20,736:INFO: Loading BERT model...
2023-02-15 10:33:23,363:INFO: Starting training for 100 epoch(s)
2023-02-15 10:33:23,364:INFO: Epoch 1/100
2023-02-15 10:35:37,385:INFO: device: cuda
2023-02-15 10:35:37,386:INFO: Loading the datasets...
2023-02-15 10:35:40,261:INFO: Loading BERT model...
2023-02-15 10:35:43,801:INFO: Starting training for 100 epoch(s)
2023-02-15 10:35:43,802:INFO: Epoch 1/100
2023-02-15 10:38:31,312:INFO: device: cuda
2023-02-15 10:38:31,312:INFO: Loading the datasets...
2023-02-15 10:38:33,278:INFO: Loading BERT model...
2023-02-15 10:38:37,448:INFO: Starting training for 100 epoch(s)
2023-02-15 10:38:37,449:INFO: Epoch 1/100
2023-02-15 10:41:27,308:INFO: device: cuda
2023-02-15 10:41:27,308:INFO: Loading the datasets...
2023-02-15 10:41:29,702:INFO: Loading BERT model...
2023-02-15 10:41:33,264:INFO: Starting training for 100 epoch(s)
2023-02-15 10:41:33,264:INFO: Epoch 1/100
2023-02-15 10:43:10,609:INFO: - Val metrics: f1: 00.81; loss: 01.09
2023-02-15 10:43:10,610:INFO: - Found new best F1
2023-02-15 10:43:11,199:INFO: Epoch 2/100
2023-02-15 10:51:09,385:INFO: device: cuda
2023-02-15 10:51:09,386:INFO: Loading the datasets...
2023-02-15 10:51:11,639:INFO: Loading BERT model...
2023-02-15 10:51:14,448:INFO: Starting training for 100 epoch(s)
2023-02-15 10:51:14,449:INFO: Epoch 1/100
2023-02-22 09:19:28,073:INFO: device: cuda
2023-02-22 09:19:28,073:INFO: Loading the datasets...
2023-02-22 09:19:41,441:INFO: Loading BERT model...
2023-02-22 09:20:10,116:INFO: device: cuda
2023-02-22 09:20:10,117:INFO: Loading the datasets...
2023-02-22 09:20:22,819:INFO: Loading BERT model...
2023-02-22 09:20:27,324:INFO: Starting training for 100 epoch(s)
2023-02-22 09:20:27,325:INFO: Epoch 1/100
2023-02-22 09:21:21,069:INFO: device: cuda
2023-02-22 09:21:21,070:INFO: Loading the datasets...
2023-02-22 09:21:33,822:INFO: Loading BERT model...
2023-02-22 09:21:38,304:INFO: Starting training for 100 epoch(s)
2023-02-22 09:21:38,304:INFO: Epoch 1/100
2023-02-22 09:22:27,525:INFO: device: cuda
2023-02-22 09:22:27,526:INFO: Loading the datasets...
2023-02-22 09:22:40,188:INFO: Loading BERT model...
2023-02-22 09:22:44,572:INFO: Starting training for 100 epoch(s)
2023-02-22 09:22:44,572:INFO: Epoch 1/100
2023-02-22 09:23:05,119:INFO: device: cuda
2023-02-22 09:23:05,120:INFO: Loading the datasets...
2023-02-22 09:23:18,773:INFO: Loading BERT model...
2023-02-22 09:23:23,253:INFO: Starting training for 100 epoch(s)
2023-02-22 09:23:23,253:INFO: Epoch 1/100
2023-02-22 09:30:35,856:INFO: device: cuda
2023-02-22 09:30:35,857:INFO: Loading the datasets...
2023-02-22 09:30:48,451:INFO: Loading BERT model...
2023-02-22 09:30:54,126:INFO: Starting training for 100 epoch(s)
2023-02-22 09:30:54,126:INFO: Epoch 1/100
2023-02-22 09:37:45,593:INFO: - Val metrics: precision: 66.54; f1: 62.61; loss: 01.95
2023-02-22 09:37:45,595:INFO: - Found new best F1
2023-02-22 09:37:46,385:INFO: Epoch 2/100
2023-02-22 09:44:36,285:INFO: - Val metrics: precision: 71.79; f1: 70.37; loss: 01.22
2023-02-22 09:44:36,286:INFO: - Found new best F1
2023-02-22 09:44:37,045:INFO: Epoch 3/100
2023-02-22 09:51:27,126:INFO: - Val metrics: precision: 73.19; f1: 72.54; loss: 01.12
2023-02-22 09:51:27,127:INFO: - Found new best F1
2023-02-22 09:51:27,818:INFO: Epoch 4/100
2023-02-22 09:58:18,044:INFO: - Val metrics: precision: 73.12; f1: 72.00; loss: 01.26
2023-02-22 09:58:18,045:INFO: Epoch 5/100
2023-02-22 10:05:08,564:INFO: - Val metrics: precision: 72.55; f1: 71.63; loss: 01.45
2023-02-22 10:05:08,565:INFO: Epoch 6/100
2023-02-22 10:11:57,817:INFO: - Val metrics: precision: 73.12; f1: 72.39; loss: 01.54
2023-02-22 10:11:57,818:INFO: Epoch 7/100
2023-02-22 10:18:46,738:INFO: - Val metrics: precision: 72.93; f1: 71.98; loss: 01.88
2023-02-22 10:18:46,739:INFO: Epoch 8/100
2023-02-22 10:25:34,743:INFO: - Val metrics: precision: 72.84; f1: 71.99; loss: 02.12
2023-02-22 10:25:34,744:INFO: Epoch 9/100
2023-02-22 10:32:24,856:INFO: - Val metrics: precision: 72.88; f1: 71.83; loss: 02.36
2023-02-22 10:32:24,858:INFO: Epoch 10/100
2023-02-22 10:39:18,526:INFO: - Val metrics: precision: 73.28; f1: 72.42; loss: 02.46
2023-02-22 10:39:18,527:INFO: Epoch 11/100
2023-02-22 10:46:11,789:INFO: - Val metrics: precision: 72.47; f1: 71.88; loss: 02.44
2023-02-22 10:46:11,790:INFO: Epoch 12/100
2023-02-22 10:53:06,023:INFO: - Val metrics: precision: 73.40; f1: 72.68; loss: 02.74
2023-02-22 10:53:06,025:INFO: - Found new best F1
2023-02-22 10:53:06,727:INFO: Epoch 13/100
2023-02-22 10:59:59,393:INFO: - Val metrics: precision: 72.96; f1: 72.43; loss: 02.81
2023-02-22 10:59:59,395:INFO: Epoch 14/100
2023-02-22 11:06:51,976:INFO: - Val metrics: precision: 72.65; f1: 71.81; loss: 02.84
2023-02-22 11:06:51,978:INFO: Epoch 15/100
2023-02-22 11:13:44,651:INFO: - Val metrics: precision: 73.22; f1: 72.41; loss: 03.14
2023-02-22 11:13:44,653:INFO: Epoch 16/100
2023-02-22 11:20:38,412:INFO: - Val metrics: precision: 74.15; f1: 72.90; loss: 03.04
2023-02-22 11:20:38,415:INFO: - Found new best F1
2023-02-22 11:20:39,137:INFO: Epoch 17/100
2023-02-22 11:27:31,474:INFO: - Val metrics: precision: 72.27; f1: 71.93; loss: 03.26
2023-02-22 11:27:31,476:INFO: Epoch 18/100
2023-02-22 11:34:25,801:INFO: - Val metrics: precision: 73.27; f1: 72.23; loss: 03.27
2023-02-22 11:34:25,803:INFO: Epoch 19/100
2023-02-22 11:41:19,417:INFO: - Val metrics: precision: 72.80; f1: 72.07; loss: 03.40
2023-02-22 11:41:19,418:INFO: Epoch 20/100
2023-02-22 11:48:14,217:INFO: - Val metrics: precision: 73.00; f1: 72.33; loss: 03.43
2023-02-22 11:48:14,218:INFO: Epoch 21/100
2023-02-22 11:55:07,154:INFO: - Val metrics: precision: 73.04; f1: 72.76; loss: 03.68
2023-02-22 11:55:07,156:INFO: Epoch 22/100
2023-02-22 12:02:00,865:INFO: - Val metrics: precision: 72.98; f1: 72.32; loss: 03.49
2023-02-22 12:02:00,867:INFO: Epoch 23/100
2023-02-22 12:08:54,045:INFO: - Val metrics: precision: 72.92; f1: 72.58; loss: 04.05
2023-02-22 12:08:54,046:INFO: Epoch 24/100
2023-02-22 12:15:51,253:INFO: - Val metrics: precision: 73.14; f1: 72.60; loss: 04.33
2023-02-22 12:15:51,254:INFO: Epoch 25/100
2023-02-22 12:22:44,916:INFO: - Val metrics: precision: 72.92; f1: 72.06; loss: 03.77
2023-02-22 12:22:44,917:INFO: Epoch 26/100
2023-02-22 12:29:39,196:INFO: - Val metrics: precision: 73.75; f1: 72.81; loss: 04.14
2023-02-22 12:29:39,198:INFO: Best val f1: 72.90
