2023-02-15 09:16:44,728:INFO: device: cuda
2023-02-15 09:16:44,728:INFO: Loading the datasets...
2023-02-15 09:18:28,055:INFO: device: cuda
2023-02-15 09:18:28,056:INFO: Loading the datasets...
2023-02-15 09:18:30,372:INFO: Loading BERT model...
2023-02-15 09:19:01,841:INFO: device: cuda
2023-02-15 09:19:01,842:INFO: Loading the datasets...
2023-02-15 09:19:05,397:INFO: Loading BERT model...
2023-02-15 09:19:49,020:INFO: device: cuda
2023-02-15 09:19:49,021:INFO: Loading the datasets...
2023-02-15 09:19:52,394:INFO: Loading BERT model...
2023-02-15 09:19:55,191:INFO: Starting training for 100 epoch(s)
2023-02-15 09:20:06,680:INFO: Epoch 1/100
2023-02-15 09:23:30,237:INFO: device: cuda
2023-02-15 09:23:30,238:INFO: Loading the datasets...
2023-02-15 09:23:32,431:INFO: Loading BERT model...
2023-02-15 09:23:36,752:INFO: Starting training for 100 epoch(s)
2023-02-15 09:23:41,305:INFO: Epoch 1/100
2023-02-15 09:25:30,322:INFO: device: cuda
2023-02-15 09:25:30,323:INFO: Loading the datasets...
2023-02-15 09:25:32,624:INFO: Loading BERT model...
2023-02-15 09:25:35,944:INFO: Starting training for 100 epoch(s)
2023-02-15 09:25:37,618:INFO: Epoch 1/100
2023-02-15 09:30:56,618:INFO: device: cuda
2023-02-15 09:30:56,619:INFO: Loading the datasets...
2023-02-15 09:30:58,852:INFO: Loading BERT model...
2023-02-15 09:31:01,623:INFO: Starting training for 100 epoch(s)
2023-02-15 09:31:01,623:INFO: Epoch 1/100
2023-02-15 09:31:33,150:INFO: device: cuda
2023-02-15 09:31:33,152:INFO: Loading the datasets...
2023-02-15 09:31:35,404:INFO: Loading BERT model...
2023-02-15 09:31:38,200:INFO: Starting training for 100 epoch(s)
2023-02-15 09:31:38,201:INFO: Epoch 1/100
2023-02-15 09:34:53,423:INFO: device: cuda
2023-02-15 09:34:53,424:INFO: Loading the datasets...
2023-02-15 09:34:56,218:INFO: Loading BERT model...
2023-02-15 09:34:59,418:INFO: Starting training for 100 epoch(s)
2023-02-15 09:34:59,418:INFO: Epoch 1/100
2023-02-15 09:36:07,556:INFO: device: cuda
2023-02-15 09:36:07,557:INFO: Loading the datasets...
2023-02-15 09:36:10,797:INFO: Loading BERT model...
2023-02-15 09:36:15,043:INFO: Starting training for 100 epoch(s)
2023-02-15 09:36:15,044:INFO: Epoch 1/100
2023-02-15 09:36:57,491:INFO: device: cuda
2023-02-15 09:36:57,492:INFO: Loading the datasets...
2023-02-15 09:36:59,643:INFO: Loading BERT model...
2023-02-15 09:37:05,281:INFO: Starting training for 100 epoch(s)
2023-02-15 09:37:05,282:INFO: Epoch 1/100
2023-02-15 09:38:33,068:INFO: device: cuda
2023-02-15 09:38:33,069:INFO: Loading the datasets...
2023-02-15 09:38:35,251:INFO: Loading BERT model...
2023-02-15 09:38:37,952:INFO: Starting training for 100 epoch(s)
2023-02-15 09:38:37,952:INFO: Epoch 1/100
2023-02-15 09:39:53,180:INFO: device: cuda
2023-02-15 09:39:53,181:INFO: Loading the datasets...
2023-02-15 09:39:58,242:INFO: Loading BERT model...
2023-02-15 09:40:01,393:INFO: Starting training for 100 epoch(s)
2023-02-15 09:40:01,393:INFO: Epoch 1/100
2023-02-15 09:40:44,321:INFO: device: cuda
2023-02-15 09:40:44,321:INFO: Loading the datasets...
2023-02-15 09:40:46,403:INFO: Loading BERT model...
2023-02-15 09:40:48,972:INFO: Starting training for 100 epoch(s)
2023-02-15 09:40:48,973:INFO: Epoch 1/100
2023-02-15 09:41:06,454:INFO: device: cuda
2023-02-15 09:41:06,454:INFO: Loading the datasets...
2023-02-15 09:41:08,646:INFO: Loading BERT model...
2023-02-15 09:41:11,374:INFO: Starting training for 100 epoch(s)
2023-02-15 09:41:11,375:INFO: Epoch 1/100
2023-02-15 09:42:04,462:INFO: device: cuda
2023-02-15 09:42:04,463:INFO: Loading the datasets...
2023-02-15 09:42:06,627:INFO: Loading BERT model...
2023-02-15 09:42:10,641:INFO: Starting training for 100 epoch(s)
2023-02-15 09:42:10,642:INFO: Epoch 1/100
2023-02-15 09:45:50,340:INFO: device: cuda
2023-02-15 09:45:50,341:INFO: Loading the datasets...
2023-02-15 09:45:52,852:INFO: Loading BERT model...
2023-02-15 09:45:56,031:INFO: Starting training for 100 epoch(s)
2023-02-15 09:45:56,032:INFO: Epoch 1/100
2023-02-15 10:01:10,686:INFO: device: cuda
2023-02-15 10:01:10,687:INFO: Loading the datasets...
2023-02-15 10:01:14,421:INFO: Loading BERT model...
2023-02-15 10:01:17,791:INFO: Starting training for 100 epoch(s)
2023-02-15 10:01:17,791:INFO: Epoch 1/100
2023-02-15 10:02:41,037:INFO: device: cuda
2023-02-15 10:02:41,038:INFO: Loading the datasets...
2023-02-15 10:02:43,038:INFO: Loading BERT model...
2023-02-15 10:02:45,889:INFO: Starting training for 100 epoch(s)
2023-02-15 10:02:45,890:INFO: Epoch 1/100
2023-02-15 10:06:04,343:INFO: device: cuda
2023-02-15 10:06:04,344:INFO: Loading the datasets...
2023-02-15 10:06:06,277:INFO: Loading BERT model...
2023-02-15 10:06:09,037:INFO: Starting training for 100 epoch(s)
2023-02-15 10:06:09,037:INFO: Epoch 1/100
2023-02-15 10:08:53,769:INFO: device: cuda
2023-02-15 10:08:53,770:INFO: Loading the datasets...
2023-02-15 10:08:56,563:INFO: Loading BERT model...
2023-02-15 10:08:59,855:INFO: Starting training for 100 epoch(s)
2023-02-15 10:08:59,856:INFO: Epoch 1/100
2023-02-15 10:10:35,791:INFO: - Found new best F1
2023-02-15 10:10:36,247:INFO: Epoch 2/100
2023-02-15 10:25:16,174:INFO: device: cuda
2023-02-15 10:25:16,175:INFO: Loading the datasets...
2023-02-15 10:25:18,066:INFO: Loading BERT model...
2023-02-15 10:25:20,868:INFO: Starting training for 100 epoch(s)
2023-02-15 10:25:20,868:INFO: Epoch 1/100
2023-02-15 10:25:46,469:INFO: device: cuda
2023-02-15 10:25:46,470:INFO: Loading the datasets...
2023-02-15 10:25:48,506:INFO: Loading BERT model...
2023-02-15 10:25:51,239:INFO: Starting training for 100 epoch(s)
2023-02-15 10:25:51,240:INFO: Epoch 1/100
2023-02-15 10:26:20,698:INFO: device: cuda
2023-02-15 10:26:20,699:INFO: Loading the datasets...
2023-02-15 10:26:22,743:INFO: Loading BERT model...
2023-02-15 10:26:25,473:INFO: Starting training for 100 epoch(s)
2023-02-15 10:26:25,474:INFO: Epoch 1/100
2023-02-15 10:29:00,741:INFO: device: cuda
2023-02-15 10:29:00,741:INFO: Loading the datasets...
2023-02-15 10:29:02,616:INFO: Loading BERT model...
2023-02-15 10:29:05,966:INFO: Starting training for 100 epoch(s)
2023-02-15 10:29:05,966:INFO: Epoch 1/100
2023-02-15 10:29:37,101:INFO: device: cuda
2023-02-15 10:29:37,102:INFO: Loading the datasets...
2023-02-15 10:29:39,627:INFO: Loading BERT model...
2023-02-15 10:29:42,611:INFO: Starting training for 100 epoch(s)
2023-02-15 10:29:42,611:INFO: Epoch 1/100
2023-02-15 10:30:07,724:INFO: device: cuda
2023-02-15 10:30:07,724:INFO: Loading the datasets...
2023-02-15 10:30:09,616:INFO: Loading BERT model...
2023-02-15 10:30:12,970:INFO: Starting training for 100 epoch(s)
2023-02-15 10:30:12,970:INFO: Epoch 1/100
2023-02-15 10:30:26,689:INFO: device: cuda
2023-02-15 10:30:26,689:INFO: Loading the datasets...
2023-02-15 10:30:28,715:INFO: Loading BERT model...
2023-02-15 10:30:31,913:INFO: Starting training for 100 epoch(s)
2023-02-15 10:30:31,914:INFO: Epoch 1/100
2023-02-15 10:33:17,933:INFO: device: cuda
2023-02-15 10:33:17,933:INFO: Loading the datasets...
2023-02-15 10:33:20,736:INFO: Loading BERT model...
2023-02-15 10:33:23,363:INFO: Starting training for 100 epoch(s)
2023-02-15 10:33:23,364:INFO: Epoch 1/100
2023-02-15 10:35:37,385:INFO: device: cuda
2023-02-15 10:35:37,386:INFO: Loading the datasets...
2023-02-15 10:35:40,261:INFO: Loading BERT model...
2023-02-15 10:35:43,801:INFO: Starting training for 100 epoch(s)
2023-02-15 10:35:43,802:INFO: Epoch 1/100
2023-02-15 10:38:31,312:INFO: device: cuda
2023-02-15 10:38:31,312:INFO: Loading the datasets...
2023-02-15 10:38:33,278:INFO: Loading BERT model...
2023-02-15 10:38:37,448:INFO: Starting training for 100 epoch(s)
2023-02-15 10:38:37,449:INFO: Epoch 1/100
2023-02-15 10:41:27,308:INFO: device: cuda
2023-02-15 10:41:27,308:INFO: Loading the datasets...
2023-02-15 10:41:29,702:INFO: Loading BERT model...
2023-02-15 10:41:33,264:INFO: Starting training for 100 epoch(s)
2023-02-15 10:41:33,264:INFO: Epoch 1/100
2023-02-15 10:43:10,609:INFO: - Val metrics: f1: 00.81; loss: 01.09
2023-02-15 10:43:10,610:INFO: - Found new best F1
2023-02-15 10:43:11,199:INFO: Epoch 2/100
2023-02-15 10:51:09,385:INFO: device: cuda
2023-02-15 10:51:09,386:INFO: Loading the datasets...
2023-02-15 10:51:11,639:INFO: Loading BERT model...
2023-02-15 10:51:14,448:INFO: Starting training for 100 epoch(s)
2023-02-15 10:51:14,449:INFO: Epoch 1/100
2023-02-22 09:19:28,073:INFO: device: cuda
2023-02-22 09:19:28,073:INFO: Loading the datasets...
2023-02-22 09:19:41,441:INFO: Loading BERT model...
2023-02-22 09:20:10,116:INFO: device: cuda
2023-02-22 09:20:10,117:INFO: Loading the datasets...
2023-02-22 09:20:22,819:INFO: Loading BERT model...
2023-02-22 09:20:27,324:INFO: Starting training for 100 epoch(s)
2023-02-22 09:20:27,325:INFO: Epoch 1/100
2023-02-22 09:21:21,069:INFO: device: cuda
2023-02-22 09:21:21,070:INFO: Loading the datasets...
2023-02-22 09:21:33,822:INFO: Loading BERT model...
2023-02-22 09:21:38,304:INFO: Starting training for 100 epoch(s)
2023-02-22 09:21:38,304:INFO: Epoch 1/100
2023-02-22 09:22:27,525:INFO: device: cuda
2023-02-22 09:22:27,526:INFO: Loading the datasets...
2023-02-22 09:22:40,188:INFO: Loading BERT model...
2023-02-22 09:22:44,572:INFO: Starting training for 100 epoch(s)
2023-02-22 09:22:44,572:INFO: Epoch 1/100
2023-02-22 09:23:05,119:INFO: device: cuda
2023-02-22 09:23:05,120:INFO: Loading the datasets...
2023-02-22 09:23:18,773:INFO: Loading BERT model...
2023-02-22 09:23:23,253:INFO: Starting training for 100 epoch(s)
2023-02-22 09:23:23,253:INFO: Epoch 1/100
2023-02-22 09:30:35,856:INFO: device: cuda
2023-02-22 09:30:35,857:INFO: Loading the datasets...
2023-02-22 09:30:48,451:INFO: Loading BERT model...
2023-02-22 09:30:54,126:INFO: Starting training for 100 epoch(s)
2023-02-22 09:30:54,126:INFO: Epoch 1/100
2023-02-22 09:37:45,593:INFO: - Val metrics: precision: 66.54; f1: 62.61; loss: 01.95
2023-02-22 09:37:45,595:INFO: - Found new best F1
2023-02-22 09:37:46,385:INFO: Epoch 2/100
2023-02-22 09:44:36,285:INFO: - Val metrics: precision: 71.79; f1: 70.37; loss: 01.22
2023-02-22 09:44:36,286:INFO: - Found new best F1
2023-02-22 09:44:37,045:INFO: Epoch 3/100
2023-02-22 09:51:27,126:INFO: - Val metrics: precision: 73.19; f1: 72.54; loss: 01.12
2023-02-22 09:51:27,127:INFO: - Found new best F1
2023-02-22 09:51:27,818:INFO: Epoch 4/100
2023-02-22 09:58:18,044:INFO: - Val metrics: precision: 73.12; f1: 72.00; loss: 01.26
2023-02-22 09:58:18,045:INFO: Epoch 5/100
2023-02-22 10:05:08,564:INFO: - Val metrics: precision: 72.55; f1: 71.63; loss: 01.45
2023-02-22 10:05:08,565:INFO: Epoch 6/100
2023-02-22 10:11:57,817:INFO: - Val metrics: precision: 73.12; f1: 72.39; loss: 01.54
2023-02-22 10:11:57,818:INFO: Epoch 7/100
2023-02-22 10:18:46,738:INFO: - Val metrics: precision: 72.93; f1: 71.98; loss: 01.88
2023-02-22 10:18:46,739:INFO: Epoch 8/100
2023-02-22 10:25:34,743:INFO: - Val metrics: precision: 72.84; f1: 71.99; loss: 02.12
2023-02-22 10:25:34,744:INFO: Epoch 9/100
2023-02-22 10:32:24,856:INFO: - Val metrics: precision: 72.88; f1: 71.83; loss: 02.36
2023-02-22 10:32:24,858:INFO: Epoch 10/100
2023-02-22 10:39:18,526:INFO: - Val metrics: precision: 73.28; f1: 72.42; loss: 02.46
2023-02-22 10:39:18,527:INFO: Epoch 11/100
2023-02-22 10:46:11,789:INFO: - Val metrics: precision: 72.47; f1: 71.88; loss: 02.44
2023-02-22 10:46:11,790:INFO: Epoch 12/100
2023-02-22 10:53:06,023:INFO: - Val metrics: precision: 73.40; f1: 72.68; loss: 02.74
2023-02-22 10:53:06,025:INFO: - Found new best F1
2023-02-22 10:53:06,727:INFO: Epoch 13/100
2023-02-22 10:59:59,393:INFO: - Val metrics: precision: 72.96; f1: 72.43; loss: 02.81
2023-02-22 10:59:59,395:INFO: Epoch 14/100
2023-02-22 11:06:51,976:INFO: - Val metrics: precision: 72.65; f1: 71.81; loss: 02.84
2023-02-22 11:06:51,978:INFO: Epoch 15/100
2023-02-22 11:13:44,651:INFO: - Val metrics: precision: 73.22; f1: 72.41; loss: 03.14
2023-02-22 11:13:44,653:INFO: Epoch 16/100
2023-02-22 11:20:38,412:INFO: - Val metrics: precision: 74.15; f1: 72.90; loss: 03.04
2023-02-22 11:20:38,415:INFO: - Found new best F1
2023-02-22 11:20:39,137:INFO: Epoch 17/100
2023-02-22 11:27:31,474:INFO: - Val metrics: precision: 72.27; f1: 71.93; loss: 03.26
2023-02-22 11:27:31,476:INFO: Epoch 18/100
2023-02-22 11:34:25,801:INFO: - Val metrics: precision: 73.27; f1: 72.23; loss: 03.27
2023-02-22 11:34:25,803:INFO: Epoch 19/100
2023-02-22 11:41:19,417:INFO: - Val metrics: precision: 72.80; f1: 72.07; loss: 03.40
2023-02-22 11:41:19,418:INFO: Epoch 20/100
2023-02-22 11:48:14,217:INFO: - Val metrics: precision: 73.00; f1: 72.33; loss: 03.43
2023-02-22 11:48:14,218:INFO: Epoch 21/100
2023-02-22 11:55:07,154:INFO: - Val metrics: precision: 73.04; f1: 72.76; loss: 03.68
2023-02-22 11:55:07,156:INFO: Epoch 22/100
2023-02-22 12:02:00,865:INFO: - Val metrics: precision: 72.98; f1: 72.32; loss: 03.49
2023-02-22 12:02:00,867:INFO: Epoch 23/100
2023-02-22 12:08:54,045:INFO: - Val metrics: precision: 72.92; f1: 72.58; loss: 04.05
2023-02-22 12:08:54,046:INFO: Epoch 24/100
2023-02-22 12:15:51,253:INFO: - Val metrics: precision: 73.14; f1: 72.60; loss: 04.33
2023-02-22 12:15:51,254:INFO: Epoch 25/100
2023-02-22 12:22:44,916:INFO: - Val metrics: precision: 72.92; f1: 72.06; loss: 03.77
2023-02-22 12:22:44,917:INFO: Epoch 26/100
2023-02-22 12:29:39,196:INFO: - Val metrics: precision: 73.75; f1: 72.81; loss: 04.14
2023-02-22 12:29:39,198:INFO: Best val f1: 72.90
2023-02-26 03:29:51,020:INFO: device: cuda
2023-02-26 03:29:51,020:INFO: Loading the datasets...
2023-02-26 03:30:02,531:INFO: Loading BERT model...
2023-02-26 03:30:07,049:INFO: Starting training for 100 epoch(s)
2023-02-26 04:03:30,236:INFO: device: cuda
2023-02-26 04:03:30,237:INFO: Loading the datasets...
2023-02-26 04:03:41,653:INFO: Loading BERT model...
2023-02-26 04:03:46,086:INFO: Starting training for 100 epoch(s)
2023-02-26 04:03:46,087:INFO: Epoch 1/100
2023-02-26 04:06:27,841:INFO: device: cuda
2023-02-26 04:06:27,841:INFO: Loading the datasets...
2023-02-26 04:06:39,324:INFO: Loading BERT model...
2023-02-26 04:06:43,710:INFO: Starting training for 100 epoch(s)
2023-02-26 04:06:43,710:INFO: Epoch 1/100
2023-02-26 04:07:30,298:INFO: device: cuda
2023-02-26 04:07:30,299:INFO: Loading the datasets...
2023-02-26 04:07:41,623:INFO: Loading BERT model...
2023-02-26 04:07:46,085:INFO: Starting training for 100 epoch(s)
2023-02-26 04:07:46,085:INFO: Epoch 1/100
2023-02-26 04:08:07,916:INFO: device: cuda
2023-02-26 04:08:07,917:INFO: Loading the datasets...
2023-02-26 04:08:19,264:INFO: Loading BERT model...
2023-02-26 04:08:23,768:INFO: Starting training for 100 epoch(s)
2023-02-26 04:08:23,769:INFO: Epoch 1/100
2023-02-26 04:09:34,492:INFO: device: cuda
2023-02-26 04:09:34,493:INFO: Loading the datasets...
2023-02-26 04:09:45,881:INFO: Loading BERT model...
2023-02-26 04:09:50,264:INFO: Starting training for 100 epoch(s)
2023-02-26 04:09:50,265:INFO: Epoch 1/100
2023-02-26 04:10:25,480:INFO: device: cuda
2023-02-26 04:10:25,481:INFO: Loading the datasets...
2023-02-26 04:10:36,708:INFO: Loading BERT model...
2023-02-26 04:10:41,152:INFO: Starting training for 100 epoch(s)
2023-02-26 04:10:41,152:INFO: Epoch 1/100
2023-02-26 04:12:10,464:INFO: device: cuda
2023-02-26 04:12:10,465:INFO: Loading the datasets...
2023-02-26 04:12:21,839:INFO: Loading BERT model...
2023-02-26 04:12:26,288:INFO: Starting training for 100 epoch(s)
2023-02-26 04:12:26,288:INFO: Epoch 1/100
2023-02-26 04:13:46,084:INFO: device: cuda
2023-02-26 04:13:46,085:INFO: Loading the datasets...
2023-02-26 04:13:57,362:INFO: Loading BERT model...
2023-02-26 04:14:01,804:INFO: Starting training for 100 epoch(s)
2023-02-26 04:14:01,804:INFO: Epoch 1/100
2023-02-26 04:14:04,286:INFO: - Val metrics: precision: 60.78; f1: 54.43; loss: 09.32
2023-02-26 04:14:04,287:INFO: - Found new best F1
2023-02-26 04:14:04,746:INFO: Epoch 2/100
2023-02-26 04:14:06,407:INFO: - Val metrics: precision: 57.84; f1: 62.35; loss: 06.85
2023-02-26 04:14:06,408:INFO: - Found new best F1
2023-02-26 04:14:07,120:INFO: Epoch 3/100
2023-02-26 04:14:08,864:INFO: - Val metrics: precision: 62.69; f1: 64.61; loss: 03.94
2023-02-26 04:14:08,864:INFO: - Found new best F1
2023-02-26 04:14:09,494:INFO: Epoch 4/100
2023-02-26 04:14:11,286:INFO: - Val metrics: precision: 69.61; f1: 69.30; loss: 02.78
2023-02-26 04:14:11,286:INFO: - Found new best F1
2023-02-26 04:14:11,987:INFO: Epoch 5/100
2023-02-26 04:14:13,708:INFO: - Val metrics: precision: 72.55; f1: 73.61; loss: 04.54
2023-02-26 04:14:13,709:INFO: - Found new best F1
2023-02-26 04:14:14,380:INFO: Epoch 6/100
2023-02-26 04:14:16,114:INFO: - Val metrics: precision: 57.84; f1: 60.67; loss: 10.81
2023-02-26 04:14:16,115:INFO: Epoch 7/100
2023-02-26 04:14:17,801:INFO: - Val metrics: precision: 62.42; f1: 66.14; loss: 03.59
2023-02-26 04:14:17,802:INFO: Epoch 8/100
2023-02-26 04:14:19,527:INFO: - Val metrics: precision: 58.24; f1: 63.68; loss: 08.29
2023-02-26 04:14:19,528:INFO: Epoch 9/100
2023-02-26 04:14:21,232:INFO: - Val metrics: precision: 74.31; f1: 73.63; loss: 05.06
2023-02-26 04:14:21,232:INFO: - Found new best F1
2023-02-26 04:14:22,005:INFO: Epoch 10/100
2023-02-26 04:14:23,777:INFO: - Val metrics: precision: 62.42; f1: 66.14; loss: 03.34
2023-02-26 04:14:23,778:INFO: Epoch 11/100
2023-02-26 04:14:25,464:INFO: - Val metrics: precision: 60.00; f1: 66.83; loss: 10.83
2023-02-26 04:14:25,465:INFO: Epoch 12/100
2023-02-26 04:14:27,170:INFO: - Val metrics: precision: 58.24; f1: 63.68; loss: 07.67
2023-02-26 04:14:27,170:INFO: Epoch 13/100
2023-02-26 04:14:28,882:INFO: - Val metrics: precision: 62.42; f1: 66.14; loss: 06.07
2023-02-26 04:14:28,883:INFO: Epoch 14/100
2023-02-26 04:14:30,587:INFO: - Val metrics: precision: 64.18; f1: 69.29; loss: 08.07
2023-02-26 04:14:30,587:INFO: Epoch 15/100
2023-02-26 04:14:32,292:INFO: - Val metrics: precision: 62.42; f1: 66.14; loss: 03.20
2023-02-26 04:14:32,292:INFO: Best val f1: 73.63
2023-02-26 04:15:42,589:INFO: device: cuda
2023-02-26 04:15:42,590:INFO: Loading the datasets...
2023-02-26 04:15:53,901:INFO: Loading BERT model...
2023-02-26 04:17:02,240:INFO: device: cuda
2023-02-26 04:17:02,240:INFO: Loading the datasets...
2023-02-26 04:17:12,335:INFO: Loading BERT model...
2023-02-26 04:17:17,293:INFO: Starting training for 100 epoch(s)
2023-02-26 04:17:17,293:INFO: Epoch 1/100
2023-02-26 04:17:20,724:INFO: - Val metrics: precision: 62.46; f1: 63.92; loss: 01.65
2023-02-26 04:17:20,724:INFO: - Found new best F1
2023-02-26 04:17:21,581:INFO: Epoch 2/100
2023-02-26 04:17:24,461:INFO: - Val metrics: precision: 75.65; f1: 78.24; loss: 01.04
2023-02-26 04:17:24,461:INFO: - Found new best F1
2023-02-26 04:17:25,301:INFO: Epoch 3/100
2023-02-26 04:17:28,150:INFO: - Val metrics: precision: 83.82; f1: 85.71; loss: 00.71
2023-02-26 04:17:28,151:INFO: - Found new best F1
2023-02-26 04:17:28,958:INFO: Epoch 4/100
2023-02-26 04:17:31,771:INFO: - Val metrics: precision: 85.29; f1: 79.41; loss: 00.81
2023-02-26 04:17:31,772:INFO: Epoch 5/100
2023-02-26 04:17:34,593:INFO: - Val metrics: precision: 81.83; f1: 78.11; loss: 01.29
2023-02-26 04:17:34,594:INFO: Epoch 6/100
2023-02-26 04:17:37,393:INFO: - Val metrics: precision: 62.42; f1: 67.82; loss: 03.31
2023-02-26 04:17:37,394:INFO: Epoch 7/100
2023-02-26 04:17:40,196:INFO: - Val metrics: precision: 92.94; f1: 86.76; loss: 01.01
2023-02-26 04:17:40,197:INFO: - Found new best F1
2023-02-26 04:17:41,089:INFO: Epoch 8/100
2023-02-26 04:17:43,974:INFO: - Val metrics: precision: 85.29; f1: 79.41; loss: 02.79
2023-02-26 04:17:43,975:INFO: Epoch 9/100
2023-02-26 04:17:46,783:INFO: - Val metrics: precision: 85.29; f1: 79.41; loss: 02.74
2023-02-26 04:17:46,783:INFO: Epoch 10/100
2023-02-26 04:17:49,600:INFO: - Val metrics: precision: 62.42; f1: 67.82; loss: 02.58
2023-02-26 04:17:49,600:INFO: Epoch 11/100
2023-02-26 04:17:52,406:INFO: - Val metrics: precision: 62.42; f1: 67.82; loss: 03.65
2023-02-26 04:17:52,406:INFO: Epoch 12/100
2023-02-26 04:17:55,209:INFO: - Val metrics: precision: 62.42; f1: 67.82; loss: 02.90
2023-02-26 04:17:55,210:INFO: Epoch 13/100
2023-02-26 04:17:58,001:INFO: - Val metrics: precision: 62.42; f1: 67.82; loss: 01.41
2023-02-26 04:17:58,002:INFO: Epoch 14/100
2023-02-26 04:18:00,760:INFO: - Val metrics: precision: 62.42; f1: 67.82; loss: 02.02
2023-02-26 04:18:00,761:INFO: Epoch 15/100
2023-02-26 04:18:03,654:INFO: - Val metrics: precision: 62.42; f1: 67.82; loss: 02.49
2023-02-26 04:18:03,655:INFO: Epoch 16/100
2023-02-26 04:18:06,470:INFO: - Val metrics: precision: 62.42; f1: 67.82; loss: 04.67
2023-02-26 04:18:06,471:INFO: Epoch 17/100
2023-02-26 04:18:09,191:INFO: - Val metrics: precision: 62.42; f1: 67.82; loss: 02.52
2023-02-26 04:18:09,192:INFO: Best val f1: 86.76
2023-02-26 04:23:19,560:INFO: device: cuda
2023-02-26 04:23:19,561:INFO: Loading the datasets...
2023-02-26 04:23:30,856:INFO: Loading BERT model...
2023-02-26 04:23:35,262:INFO: Starting training for 100 epoch(s)
2023-02-26 04:23:35,263:INFO: Epoch 1/100
2023-02-26 04:23:37,782:INFO: - Val metrics: precision: 60.78; f1: 54.43; loss: 09.32
2023-02-26 04:23:37,782:INFO: - Found new best F1
2023-02-26 04:23:38,479:INFO: Epoch 2/100
2023-02-26 04:23:40,246:INFO: - Val metrics: precision: 57.84; f1: 62.35; loss: 06.85
2023-02-26 04:23:40,246:INFO: - Found new best F1
2023-02-26 04:23:40,882:INFO: Epoch 3/100
2023-02-26 04:23:42,617:INFO: - Val metrics: precision: 62.69; f1: 64.61; loss: 03.94
2023-02-26 04:23:42,618:INFO: - Found new best F1
2023-02-26 04:23:43,249:INFO: Epoch 4/100
2023-02-26 04:23:44,920:INFO: - Val metrics: precision: 69.61; f1: 69.30; loss: 02.78
2023-02-26 04:23:44,920:INFO: - Found new best F1
2023-02-26 04:23:45,604:INFO: Epoch 5/100
2023-02-26 04:23:47,361:INFO: - Val metrics: precision: 72.55; f1: 73.61; loss: 04.54
2023-02-26 04:23:47,361:INFO: - Found new best F1
2023-02-26 04:23:48,105:INFO: Epoch 6/100
2023-02-26 04:23:49,864:INFO: - Val metrics: precision: 57.84; f1: 60.67; loss: 10.81
2023-02-26 04:23:49,864:INFO: Epoch 7/100
2023-02-26 04:23:51,524:INFO: - Val metrics: precision: 62.42; f1: 66.14; loss: 03.59
2023-02-26 04:23:51,524:INFO: Epoch 8/100
2023-02-26 04:23:53,181:INFO: - Val metrics: precision: 58.24; f1: 63.68; loss: 08.29
2023-02-26 04:23:53,181:INFO: Epoch 9/100
2023-02-26 04:23:54,831:INFO: - Val metrics: precision: 74.31; f1: 73.63; loss: 05.06
2023-02-26 04:23:54,832:INFO: - Found new best F1
2023-02-26 04:23:55,460:INFO: Epoch 10/100
2023-02-26 04:23:57,224:INFO: - Val metrics: precision: 62.42; f1: 66.14; loss: 03.34
2023-02-26 04:23:57,224:INFO: Epoch 11/100
2023-02-26 04:23:59,010:INFO: - Val metrics: precision: 60.00; f1: 66.83; loss: 10.83
2023-02-26 04:23:59,011:INFO: Epoch 12/100
2023-02-26 04:24:00,541:INFO: - Val metrics: precision: 58.24; f1: 63.68; loss: 07.67
2023-02-26 04:24:00,542:INFO: Epoch 13/100
2023-02-26 04:24:02,203:INFO: - Val metrics: precision: 62.42; f1: 66.14; loss: 06.07
2023-02-26 04:24:02,204:INFO: Epoch 14/100
2023-02-26 04:24:03,857:INFO: - Val metrics: precision: 64.18; f1: 69.29; loss: 08.07
2023-02-26 04:24:03,857:INFO: Epoch 15/100
2023-02-26 04:24:05,513:INFO: - Val metrics: precision: 62.42; f1: 66.14; loss: 03.20
2023-02-26 04:24:05,513:INFO: Best val f1: 73.63
2023-02-26 05:13:27,736:INFO: device: cuda
2023-02-26 05:13:27,737:INFO: Loading the datasets...
2023-02-26 05:13:39,861:INFO: Loading BERT model...
2023-02-26 05:13:44,450:INFO: Starting training for 100 epoch(s)
2023-02-26 05:13:44,451:INFO: Epoch 1/100
2023-02-26 05:13:46,969:INFO: - Val metrics: precision: 60.78; f1: 54.43; loss: 09.32
2023-02-26 05:13:46,970:INFO: - Found new best F1
2023-02-26 05:13:47,662:INFO: Epoch 2/100
2023-02-26 05:13:49,459:INFO: - Val metrics: precision: 57.84; f1: 62.35; loss: 06.85
2023-02-26 05:13:49,460:INFO: - Found new best F1
2023-02-26 05:13:50,163:INFO: Epoch 3/100
2023-02-26 05:13:51,959:INFO: - Val metrics: precision: 62.69; f1: 64.61; loss: 03.94
2023-02-26 05:13:51,959:INFO: - Found new best F1
2023-02-26 05:13:52,727:INFO: Epoch 4/100
2023-02-26 05:13:54,505:INFO: - Val metrics: precision: 69.61; f1: 69.30; loss: 02.78
2023-02-26 05:13:54,505:INFO: - Found new best F1
2023-02-26 05:13:55,213:INFO: Epoch 5/100
2023-02-26 05:13:57,014:INFO: - Val metrics: precision: 72.55; f1: 73.61; loss: 04.54
2023-02-26 05:13:57,014:INFO: - Found new best F1
2023-02-26 05:13:57,694:INFO: Epoch 6/100
2023-02-26 05:13:59,476:INFO: - Val metrics: precision: 57.84; f1: 60.67; loss: 10.81
2023-02-26 05:13:59,477:INFO: Epoch 7/100
2023-02-26 05:14:01,182:INFO: - Val metrics: precision: 62.42; f1: 66.14; loss: 03.59
2023-02-26 05:14:01,183:INFO: Epoch 8/100
2023-02-26 05:14:02,874:INFO: - Val metrics: precision: 58.24; f1: 63.68; loss: 08.29
2023-02-26 05:14:02,875:INFO: Epoch 9/100
2023-02-26 05:14:04,578:INFO: - Val metrics: precision: 74.31; f1: 73.63; loss: 05.06
2023-02-26 05:14:04,578:INFO: - Found new best F1
2023-02-26 05:14:05,280:INFO: Epoch 10/100
2023-02-26 05:14:07,061:INFO: - Val metrics: precision: 62.42; f1: 66.14; loss: 03.34
2023-02-26 05:14:07,061:INFO: Epoch 11/100
2023-02-26 05:14:08,751:INFO: - Val metrics: precision: 60.00; f1: 66.83; loss: 10.83
2023-02-26 05:14:08,752:INFO: Epoch 12/100
2023-02-26 05:14:10,303:INFO: - Val metrics: precision: 58.24; f1: 63.68; loss: 07.67
2023-02-26 05:14:10,304:INFO: Epoch 13/100
2023-02-26 05:14:11,983:INFO: - Val metrics: precision: 62.42; f1: 66.14; loss: 06.07
2023-02-26 05:14:11,983:INFO: Epoch 14/100
2023-02-26 05:14:13,669:INFO: - Val metrics: precision: 64.18; f1: 69.29; loss: 08.07
2023-02-26 05:14:13,670:INFO: Epoch 15/100
2023-02-26 05:14:15,379:INFO: - Val metrics: precision: 62.42; f1: 66.14; loss: 03.20
2023-02-26 05:14:15,379:INFO: Best val f1: 73.63
2023-02-26 05:15:23,916:INFO: device: cuda
2023-02-26 05:15:23,917:INFO: Loading the datasets...
2023-02-26 05:15:36,342:INFO: Loading BERT model...
2023-02-26 05:15:40,926:INFO: Starting training for 100 epoch(s)
2023-02-26 05:15:40,927:INFO: Epoch 1/100
2023-02-26 05:15:43,603:INFO: - Val metrics: precision: 72.22; f1: 74.07; loss: 04.07
2023-02-26 05:15:43,603:INFO: - Found new best F1
2023-02-26 05:15:44,325:INFO: Epoch 2/100
2023-02-26 05:15:46,389:INFO: - Val metrics: precision: 94.44; f1: 82.83; loss: 02.37
2023-02-26 05:15:46,390:INFO: - Found new best F1
2023-02-26 05:15:47,111:INFO: Epoch 3/100
2023-02-26 05:15:49,325:INFO: - Val metrics: precision: 70.37; f1: 58.89; loss: 08.39
2023-02-26 05:15:49,325:INFO: Epoch 4/100
2023-02-26 05:15:51,435:INFO: - Val metrics: precision: 77.78; f1: 77.78; loss: 08.18
2023-02-26 05:15:51,436:INFO: Epoch 5/100
2023-02-26 05:15:53,568:INFO: - Val metrics: precision: 72.22; f1: 40.74; loss: 28.79
2023-02-26 05:15:53,569:INFO: Epoch 6/100
2023-02-26 05:15:55,706:INFO: - Val metrics: precision: 69.44; f1: 48.89; loss: 15.28
2023-02-26 05:15:55,707:INFO: Epoch 7/100
2023-02-26 05:15:57,839:INFO: - Val metrics: precision: 70.37; f1: 58.89; loss: 06.16
2023-02-26 05:15:57,840:INFO: Epoch 8/100
2023-02-26 05:15:59,959:INFO: - Val metrics: precision: 70.37; f1: 58.89; loss: 08.25
2023-02-26 05:15:59,959:INFO: Epoch 9/100
2023-02-26 05:16:02,071:INFO: - Val metrics: precision: 77.78; f1: 77.78; loss: 02.34
2023-02-26 05:16:02,071:INFO: Epoch 10/100
2023-02-26 05:16:04,209:INFO: - Val metrics: precision: 77.78; f1: 77.78; loss: 09.76
2023-02-26 05:16:04,210:INFO: Epoch 11/100
2023-02-26 05:16:06,395:INFO: - Val metrics: precision: 77.78; f1: 71.72; loss: 11.54
2023-02-26 05:16:06,396:INFO: Epoch 12/100
2023-02-26 05:16:08,529:INFO: - Val metrics: precision: 77.78; f1: 77.78; loss: 07.21
2023-02-26 05:16:08,529:INFO: Best val f1: 82.83
2023-02-26 05:26:34,081:INFO: device: cuda
2023-02-26 05:26:34,082:INFO: Loading the datasets...
2023-02-26 05:26:44,931:INFO: Loading BERT model...
2023-02-26 05:26:50,154:INFO: Starting training for 100 epoch(s)
2023-02-26 05:26:50,155:INFO: Epoch 1/100
2023-02-26 05:26:53,843:INFO: - Val metrics: precision: 92.59; f1: 80.98; loss: 01.92
2023-02-26 05:26:53,844:INFO: - Found new best F1
2023-02-26 05:26:54,691:INFO: Epoch 2/100
2023-02-26 05:26:58,042:INFO: - Val metrics: precision: 72.22; f1: 68.01; loss: 02.06
2023-02-26 05:26:58,043:INFO: Epoch 3/100
2023-02-26 05:27:01,318:INFO: - Val metrics: precision: 77.78; f1: 77.78; loss: 01.20
2023-02-26 05:27:01,319:INFO: Epoch 4/100
2023-02-26 05:27:04,053:INFO: - Val metrics: precision: 77.78; f1: 77.78; loss: 01.26
2023-02-26 05:27:04,054:INFO: Epoch 5/100
2023-02-26 05:27:06,987:INFO: - Val metrics: precision: 77.78; f1: 77.78; loss: 00.56
2023-02-26 05:27:06,988:INFO: Epoch 6/100
2023-02-26 05:27:09,958:INFO: - Val metrics: precision: 77.78; f1: 77.78; loss: 00.88
2023-02-26 05:27:09,959:INFO: Epoch 7/100
2023-02-26 05:27:13,197:INFO: - Val metrics: precision: 94.44; f1: 82.83; loss: 02.24
2023-02-26 05:27:13,198:INFO: - Found new best F1
2023-02-26 05:27:14,029:INFO: Epoch 8/100
2023-02-26 05:27:17,121:INFO: - Val metrics: precision: 72.22; f1: 68.01; loss: 03.68
2023-02-26 05:27:17,122:INFO: Epoch 9/100
2023-02-26 05:27:20,030:INFO: - Val metrics: precision: 72.22; f1: 68.01; loss: 02.50
2023-02-26 05:27:20,031:INFO: Epoch 10/100
2023-02-26 05:27:22,962:INFO: - Val metrics: precision: 72.22; f1: 68.01; loss: 00.59
2023-02-26 05:27:22,963:INFO: Epoch 11/100
2023-02-26 05:27:25,871:INFO: - Val metrics: precision: 72.22; f1: 68.01; loss: 01.05
2023-02-26 05:27:25,872:INFO: Epoch 12/100
2023-02-26 05:27:28,810:INFO: - Val metrics: precision: 72.22; f1: 68.01; loss: 03.67
2023-02-26 05:27:28,811:INFO: Epoch 13/100
2023-02-26 05:27:31,543:INFO: - Val metrics: precision: 77.78; f1: 77.78; loss: 03.74
2023-02-26 05:27:31,544:INFO: Epoch 14/100
2023-02-26 05:27:34,459:INFO: - Val metrics: precision: 77.78; f1: 77.78; loss: 01.10
2023-02-26 05:27:34,460:INFO: Epoch 15/100
2023-02-26 05:27:37,354:INFO: - Val metrics: precision: 72.22; f1: 68.01; loss: 02.04
2023-02-26 05:27:37,355:INFO: Epoch 16/100
2023-02-26 05:27:40,280:INFO: - Val metrics: precision: 77.78; f1: 77.78; loss: 02.69
2023-02-26 05:27:40,281:INFO: Epoch 17/100
2023-02-26 05:27:43,213:INFO: - Val metrics: precision: 77.78; f1: 77.78; loss: 01.77
2023-02-26 05:27:43,214:INFO: Best val f1: 82.83
